# JRE version: OpenJDK Runtime Environment (17.0.10) (build 17.0.10+0--11609105)
# Java VM: OpenJDK 64-Bit Server VM (17.0.10+0--11609105, mixed mode, tiered, compressed oops, compressed class ptrs, g1 gc, windows-amd64)
GC Precious Log:
 CPUs: 8 total, 8 available
 Memory: 7502M
 Large Page Support: Disabled
 NUMA Support: Disabled
 Compressed Oops: Enabled (32-bit)
 Heap Region Size: 1M
 Heap Min Capacity: 8M
 Heap Initial Capacity: 118M
 Heap Max Capacity: 2G
 Pre-touch: Disabled
 Parallel Workers: 8
 Concurrent Workers: 2
 Concurrent Refinement Workers: 8
 Periodic GC: Disabled
Heap:
 garbage-first heap   total 354304K, used 255487K [0x0000000080000000, 0x0000000100000000)
  region size 1024K, 39 young (39936K), 14 survivors (14336K)
 Metaspace       used 122997K, committed 123840K, reserved 1179648K
  class space    used 16303K, committed 16704K, reserved 1048576K
GC Heap History (20 events):
Event: 12.529 GC heap before
{Heap before GC invocations=44 (full 0):
 garbage-first heap   total 172032K, used 90320K [0x0000000080000000, 0x0000000100000000)
  region size 1024K, 8 young (8192K), 5 survivors (5120K)
 Metaspace       used 90457K, committed 91072K, reserved 1179648K
  class space    used 12417K, committed 12736K, reserved 1048576K
}
Event: 12.533 GC heap after
{Heap after GC invocations=45 (full 0):
 garbage-first heap   total 172032K, used 87447K [0x0000000080000000, 0x0000000100000000)
  region size 1024K, 1 young (1024K), 1 survivors (1024K)
 Metaspace       used 90457K, committed 91072K, reserved 1179648K
  class space    used 12417K, committed 12736K, reserved 1048576K
}
Event: 13.176 GC heap before
{Heap before GC invocations=45 (full 0):
 garbage-first heap   total 172032K, used 140695K [0x0000000080000000, 0x0000000100000000)
  region size 1024K, 53 young (54272K), 1 survivors (1024K)
 Metaspace       used 94601K, committed 95232K, reserved 1179648K
  class space    used 13033K, committed 13312K, reserved 1048576K
}
Event: 13.181 GC heap after
{Heap after GC invocations=46 (full 0):
 garbage-first heap   total 172032K, used 89762K [0x0000000080000000, 0x0000000100000000)
  region size 1024K, 3 young (3072K), 3 survivors (3072K)
 Metaspace       used 94601K, committed 95232K, reserved 1179648K
  class space    used 13033K, committed 13312K, reserved 1048576K
}
Event: 13.821 GC heap before
{Heap before GC invocations=46 (full 0):
 garbage-first heap   total 172032K, used 143010K [0x0000000080000000, 0x0000000100000000)
  region size 1024K, 55 young (56320K), 3 survivors (3072K)
 Metaspace       used 98643K, committed 99328K, reserved 1179648K
  class space    used 13594K, committed 13952K, reserved 1048576K
}
Event: 13.827 GC heap after
{Heap after GC invocations=47 (full 0):
 garbage-first heap   total 172032K, used 93858K [0x0000000080000000, 0x0000000100000000)
  region size 1024K, 7 young (7168K), 7 survivors (7168K)
 Metaspace       used 98643K, committed 99328K, reserved 1179648K
  class space    used 13594K, committed 13952K, reserved 1048576K
}
Event: 13.966 GC heap before
{Heap before GC invocations=47 (full 0):
 garbage-first heap   total 172032K, used 110242K [0x0000000080000000, 0x0000000100000000)
  region size 1024K, 25 young (25600K), 7 survivors (7168K)
 Metaspace       used 99939K, committed 100672K, reserved 1179648K
  class space    used 13707K, committed 14080K, reserved 1048576K
}
Event: 13.973 GC heap after
{Heap after GC invocations=48 (full 0):
 garbage-first heap   total 172032K, used 98006K [0x0000000080000000, 0x0000000100000000)
  region size 1024K, 5 young (5120K), 5 survivors (5120K)
 Metaspace       used 99939K, committed 100672K, reserved 1179648K
  class space    used 13707K, committed 14080K, reserved 1048576K
}
Event: 14.503 GC heap before
{Heap before GC invocations=49 (full 0):
 garbage-first heap   total 179200K, used 143062K [0x0000000080000000, 0x0000000100000000)
  region size 1024K, 45 young (46080K), 5 survivors (5120K)
 Metaspace       used 102736K, committed 103424K, reserved 1179648K
  class space    used 14058K, committed 14400K, reserved 1048576K
}
Event: 14.510 GC heap after
{Heap after GC invocations=50 (full 0):
 garbage-first heap   total 179200K, used 102088K [0x0000000080000000, 0x0000000100000000)
  region size 1024K, 5 young (5120K), 5 survivors (5120K)
 Metaspace       used 102736K, committed 103424K, reserved 1179648K
  class space    used 14058K, committed 14400K, reserved 1048576K
}
Event: 14.524 GC heap before
{Heap before GC invocations=50 (full 0):
 garbage-first heap   total 179200K, used 104136K [0x0000000080000000, 0x0000000100000000)
  region size 1024K, 8 young (8192K), 5 survivors (5120K)
 Metaspace       used 102751K, committed 103488K, reserved 1179648K
  class space    used 14058K, committed 14400K, reserved 1048576K
}
Event: 14.527 GC heap after
{Heap after GC invocations=51 (full 0):
 garbage-first heap   total 179200K, used 102421K [0x0000000080000000, 0x0000000100000000)
  region size 1024K, 1 young (1024K), 1 survivors (1024K)
 Metaspace       used 102751K, committed 103488K, reserved 1179648K
  class space    used 14058K, committed 14400K, reserved 1048576K
}
Event: 14.963 GC heap before
{Heap before GC invocations=51 (full 0):
 garbage-first heap   total 179200K, used 145429K [0x0000000080000000, 0x0000000100000000)
  region size 1024K, 44 young (45056K), 1 survivors (1024K)
 Metaspace       used 103440K, committed 104064K, reserved 1179648K
  class space    used 14158K, committed 14464K, reserved 1048576K
}
Event: 14.969 GC heap after
{Heap after GC invocations=52 (full 0):
 garbage-first heap   total 354304K, used 105690K [0x0000000080000000, 0x0000000100000000)
  region size 1024K, 5 young (5120K), 5 survivors (5120K)
 Metaspace       used 103440K, committed 104064K, reserved 1179648K
  class space    used 14158K, committed 14464K, reserved 1048576K
}
Event: 16.431 GC heap before
{Heap before GC invocations=52 (full 0):
 garbage-first heap   total 354304K, used 270554K [0x0000000080000000, 0x0000000100000000)
  region size 1024K, 165 young (168960K), 5 survivors (5120K)
 Metaspace       used 106970K, committed 107712K, reserved 1179648K
  class space    used 14591K, committed 14976K, reserved 1048576K
}
Event: 16.447 GC heap after
{Heap after GC invocations=53 (full 0):
 garbage-first heap   total 354304K, used 112812K [0x0000000080000000, 0x0000000100000000)
  region size 1024K, 12 young (12288K), 12 survivors (12288K)
 Metaspace       used 106970K, committed 107712K, reserved 1179648K
  class space    used 14591K, committed 14976K, reserved 1048576K
}
Event: 18.769 GC heap before
{Heap before GC invocations=53 (full 0):
 garbage-first heap   total 354304K, used 288940K [0x0000000080000000, 0x0000000100000000)
  region size 1024K, 174 young (178176K), 12 survivors (12288K)
 Metaspace       used 119155K, committed 119936K, reserved 1179648K
  class space    used 15795K, committed 16192K, reserved 1048576K
}
Event: 18.799 GC heap after
{Heap after GC invocations=54 (full 0):
 garbage-first heap   total 354304K, used 167736K [0x0000000080000000, 0x0000000100000000)
  region size 1024K, 22 young (22528K), 22 survivors (22528K)
 Metaspace       used 119155K, committed 119936K, reserved 1179648K
  class space    used 15795K, committed 16192K, reserved 1048576K
}
Event: 19.590 GC heap before
{Heap before GC invocations=54 (full 0):
 garbage-first heap   total 354304K, used 259896K [0x0000000080000000, 0x0000000100000000)
  region size 1024K, 110 young (112640K), 22 survivors (22528K)
 Metaspace       used 122928K, committed 123712K, reserved 1179648K
  class space    used 16305K, committed 16704K, reserved 1048576K
}
Event: 19.629 GC heap after
{Heap after GC invocations=55 (full 0):
 garbage-first heap   total 354304K, used 230911K [0x0000000080000000, 0x0000000100000000)
  region size 1024K, 14 young (14336K), 14 survivors (14336K)
 Metaspace       used 122928K, committed 123712K, reserved 1179648K
  class space    used 16305K, committed 16704K, reserved 1048576K
}

