# JRE version: OpenJDK Runtime Environment (17.0.6) (build 17.0.6+0-b2043.56-10027231)
# Java VM: OpenJDK 64-Bit Server VM (17.0.6+0-b2043.56-10027231, mixed mode, tiered, compressed oops, compressed class ptrs, g1 gc, windows-amd64)
GC Precious Log:
 CPUs: 8 total, 8 available
 Memory: 7502M
 Large Page Support: Disabled
 NUMA Support: Disabled
 Compressed Oops: Enabled (32-bit)
 Heap Region Size: 1M
 Heap Min Capacity: 8M
 Heap Initial Capacity: 118M
 Heap Max Capacity: 2G
 Pre-touch: Disabled
 Parallel Workers: 8
 Concurrent Workers: 2
 Concurrent Refinement Workers: 8
 Periodic GC: Disabled
Heap:
 garbage-first heap   total 199680K, used 119902K [0x0000000080000000, 0x0000000100000000)
  region size 1024K, 1 young (1024K), 1 survivors (1024K)
 Metaspace       used 93836K, committed 94592K, reserved 1130496K
  class space    used 12677K, committed 13056K, reserved 1048576K
GC Heap History (20 events):
Event: 9.619 GC heap after
{Heap after GC invocations=25 (full 0):
 garbage-first heap   total 140288K, used 82345K [0x0000000080000000, 0x0000000100000000)
  region size 1024K, 1 young (1024K), 1 survivors (1024K)
 Metaspace       used 72747K, committed 73472K, reserved 1114112K
  class space    used 9653K, committed 9984K, reserved 1048576K
}
Event: 10.094 GC heap before
{Heap before GC invocations=25 (full 0):
 garbage-first heap   total 140288K, used 115113K [0x0000000080000000, 0x0000000100000000)
  region size 1024K, 33 young (33792K), 1 survivors (1024K)
 Metaspace       used 76410K, committed 77120K, reserved 1122304K
  class space    used 10155K, committed 10496K, reserved 1048576K
}
Event: 10.097 GC heap after
{Heap after GC invocations=26 (full 0):
 garbage-first heap   total 140288K, used 83898K [0x0000000080000000, 0x0000000100000000)
  region size 1024K, 3 young (3072K), 3 survivors (3072K)
 Metaspace       used 76410K, committed 77120K, reserved 1122304K
  class space    used 10155K, committed 10496K, reserved 1048576K
}
Event: 10.535 GC heap before
{Heap before GC invocations=26 (full 0):
 garbage-first heap   total 140288K, used 114618K [0x0000000080000000, 0x0000000100000000)
  region size 1024K, 34 young (34816K), 3 survivors (3072K)
 Metaspace       used 78844K, committed 79616K, reserved 1122304K
  class space    used 10451K, committed 10816K, reserved 1048576K
}
Event: 10.540 GC heap after
{Heap after GC invocations=27 (full 0):
 garbage-first heap   total 140288K, used 88201K [0x0000000080000000, 0x0000000100000000)
  region size 1024K, 5 young (5120K), 5 survivors (5120K)
 Metaspace       used 78844K, committed 79616K, reserved 1122304K
  class space    used 10451K, committed 10816K, reserved 1048576K
}
Event: 10.861 GC heap before
{Heap before GC invocations=27 (full 0):
 garbage-first heap   total 140288K, used 115849K [0x0000000080000000, 0x0000000100000000)
  region size 1024K, 32 young (32768K), 5 survivors (5120K)
 Metaspace       used 80409K, committed 81152K, reserved 1122304K
  class space    used 10656K, committed 11008K, reserved 1048576K
}
Event: 10.866 GC heap after
{Heap after GC invocations=28 (full 0):
 garbage-first heap   total 140288K, used 89311K [0x0000000080000000, 0x0000000100000000)
  region size 1024K, 3 young (3072K), 3 survivors (3072K)
 Metaspace       used 80409K, committed 81152K, reserved 1122304K
  class space    used 10656K, committed 11008K, reserved 1048576K
}
Event: 11.246 GC heap before
{Heap before GC invocations=28 (full 0):
 garbage-first heap   total 140288K, used 115935K [0x0000000080000000, 0x0000000100000000)
  region size 1024K, 29 young (29696K), 3 survivors (3072K)
 Metaspace       used 83442K, committed 84096K, reserved 1122304K
  class space    used 11185K, committed 11520K, reserved 1048576K
}
Event: 11.250 GC heap after
{Heap after GC invocations=29 (full 0):
 garbage-first heap   total 140288K, used 90868K [0x0000000080000000, 0x0000000100000000)
  region size 1024K, 2 young (2048K), 2 survivors (2048K)
 Metaspace       used 83442K, committed 84096K, reserved 1122304K
  class space    used 11185K, committed 11520K, reserved 1048576K
}
Event: 11.621 GC heap before
{Heap before GC invocations=29 (full 0):
 garbage-first heap   total 140288K, used 116468K [0x0000000080000000, 0x0000000100000000)
  region size 1024K, 27 young (27648K), 2 survivors (2048K)
 Metaspace       used 86257K, committed 87040K, reserved 1130496K
  class space    used 11674K, committed 12032K, reserved 1048576K
}
Event: 11.624 GC heap after
{Heap after GC invocations=30 (full 0):
 garbage-first heap   total 140288K, used 92472K [0x0000000080000000, 0x0000000100000000)
  region size 1024K, 3 young (3072K), 3 survivors (3072K)
 Metaspace       used 86257K, committed 87040K, reserved 1130496K
  class space    used 11674K, committed 12032K, reserved 1048576K
}
Event: 12.015 GC heap before
{Heap before GC invocations=30 (full 0):
 garbage-first heap   total 140288K, used 118072K [0x0000000080000000, 0x0000000100000000)
  region size 1024K, 28 young (28672K), 3 survivors (3072K)
 Metaspace       used 88934K, committed 89664K, reserved 1130496K
  class space    used 12069K, committed 12416K, reserved 1048576K
}
Event: 12.018 GC heap after
{Heap after GC invocations=31 (full 0):
 garbage-first heap   total 140288K, used 94309K [0x0000000080000000, 0x0000000100000000)
  region size 1024K, 4 young (4096K), 4 survivors (4096K)
 Metaspace       used 88934K, committed 89664K, reserved 1130496K
  class space    used 12069K, committed 12416K, reserved 1048576K
}
Event: 12.390 GC heap before
{Heap before GC invocations=31 (full 0):
 garbage-first heap   total 140288K, used 118885K [0x0000000080000000, 0x0000000100000000)
  region size 1024K, 28 young (28672K), 4 survivors (4096K)
 Metaspace       used 92063K, committed 92864K, reserved 1130496K
  class space    used 12373K, committed 12736K, reserved 1048576K
}
Event: 12.396 GC heap after
{Heap after GC invocations=32 (full 0):
 garbage-first heap   total 140288K, used 98190K [0x0000000080000000, 0x0000000100000000)
  region size 1024K, 4 young (4096K), 4 survivors (4096K)
 Metaspace       used 92063K, committed 92864K, reserved 1130496K
  class space    used 12373K, committed 12736K, reserved 1048576K
}
Event: 12.715 GC heap before
{Heap before GC invocations=32 (full 0):
 garbage-first heap   total 140288K, used 123790K [0x0000000080000000, 0x0000000100000000)
  region size 1024K, 23 young (23552K), 4 survivors (4096K)
 Metaspace       used 93829K, committed 94592K, reserved 1130496K
  class space    used 12676K, committed 13056K, reserved 1048576K
}
Event: 12.720 GC heap after
{Heap after GC invocations=33 (full 0):
 garbage-first heap   total 140288K, used 109691K [0x0000000080000000, 0x0000000100000000)
  region size 1024K, 3 young (3072K), 3 survivors (3072K)
 Metaspace       used 93829K, committed 94592K, reserved 1130496K
  class space    used 12676K, committed 13056K, reserved 1048576K
}
Event: 12.767 GC heap before
{Heap before GC invocations=33 (full 0):
 garbage-first heap   total 140288K, used 125051K [0x0000000080000000, 0x0000000100000000)
  region size 1024K, 14 young (14336K), 3 survivors (3072K)
 Metaspace       used 93836K, committed 94592K, reserved 1130496K
  class space    used 12677K, committed 13056K, reserved 1048576K
}
Event: 12.773 GC heap after
{Heap after GC invocations=34 (full 0):
 garbage-first heap   total 140288K, used 118127K [0x0000000080000000, 0x0000000100000000)
  region size 1024K, 2 young (2048K), 2 survivors (2048K)
 Metaspace       used 93836K, committed 94592K, reserved 1130496K
  class space    used 12677K, committed 13056K, reserved 1048576K
}
Event: 12.790 GC heap before
{Heap before GC invocations=34 (full 0):
 garbage-first heap   total 199680K, used 122223K [0x0000000080000000, 0x0000000100000000)
  region size 1024K, 6 young (6144K), 2 survivors (2048K)
 Metaspace       used 93836K, committed 94592K, reserved 1130496K
  class space    used 12677K, committed 13056K, reserved 1048576K
}

