# JRE version: OpenJDK Runtime Environment (17.0.6) (build 17.0.6+0-b2043.56-10027231)
# Java VM: OpenJDK 64-Bit Server VM (17.0.6+0-b2043.56-10027231, mixed mode, tiered, compressed oops, compressed class ptrs, g1 gc, windows-amd64)
GC Precious Log:
 CPUs: 8 total, 8 available
 Memory: 7502M
 Large Page Support: Disabled
 NUMA Support: Disabled
 Compressed Oops: Enabled (32-bit)
 Heap Region Size: 1M
 Heap Min Capacity: 8M
 Heap Initial Capacity: 118M
 Heap Max Capacity: 2G
 Pre-touch: Disabled
 Parallel Workers: 8
 Concurrent Workers: 2
 Concurrent Refinement Workers: 8
 Periodic GC: Disabled
Heap:
 garbage-first heap   total 239616K, used 144162K [0x0000000080000000, 0x0000000100000000)
  region size 1024K, 6 young (6144K), 2 survivors (2048K)
 Metaspace       used 107450K, committed 108160K, reserved 1146880K
  class space    used 14225K, committed 14592K, reserved 1048576K
GC Heap History (20 events):
Event: 25.704 GC heap before
{Heap before GC invocations=47 (full 0):
 garbage-first heap   total 147456K, used 122347K [0x0000000080000000, 0x0000000100000000)
  region size 1024K, 35 young (35840K), 5 survivors (5120K)
 Metaspace       used 102213K, committed 102912K, reserved 1138688K
  class space    used 13565K, committed 13888K, reserved 1048576K
}
Event: 25.714 GC heap after
{Heap after GC invocations=48 (full 0):
 garbage-first heap   total 147456K, used 96634K [0x0000000080000000, 0x0000000100000000)
  region size 1024K, 5 young (5120K), 5 survivors (5120K)
 Metaspace       used 102213K, committed 102912K, reserved 1138688K
  class space    used 13565K, committed 13888K, reserved 1048576K
}
Event: 26.652 GC heap before
{Heap before GC invocations=48 (full 0):
 garbage-first heap   total 147456K, used 121210K [0x0000000080000000, 0x0000000100000000)
  region size 1024K, 30 young (30720K), 5 survivors (5120K)
 Metaspace       used 102926K, committed 103616K, reserved 1138688K
  class space    used 13676K, committed 14016K, reserved 1048576K
}
Event: 26.665 GC heap after
{Heap after GC invocations=49 (full 0):
 garbage-first heap   total 147456K, used 100848K [0x0000000080000000, 0x0000000100000000)
  region size 1024K, 4 young (4096K), 4 survivors (4096K)
 Metaspace       used 102926K, committed 103616K, reserved 1138688K
  class space    used 13676K, committed 14016K, reserved 1048576K
}
Event: 27.270 GC heap before
{Heap before GC invocations=49 (full 0):
 garbage-first heap   total 147456K, used 122352K [0x0000000080000000, 0x0000000100000000)
  region size 1024K, 25 young (25600K), 4 survivors (4096K)
 Metaspace       used 103619K, committed 104320K, reserved 1146880K
  class space    used 13817K, committed 14144K, reserved 1048576K
}
Event: 27.281 GC heap after
{Heap after GC invocations=50 (full 0):
 garbage-first heap   total 147456K, used 104790K [0x0000000080000000, 0x0000000100000000)
  region size 1024K, 4 young (4096K), 4 survivors (4096K)
 Metaspace       used 103619K, committed 104320K, reserved 1146880K
  class space    used 13817K, committed 14144K, reserved 1048576K
}
Event: 27.511 GC heap before
{Heap before GC invocations=50 (full 0):
 garbage-first heap   total 147456K, used 122198K [0x0000000080000000, 0x0000000100000000)
  region size 1024K, 22 young (22528K), 4 survivors (4096K)
 Metaspace       used 103669K, committed 104320K, reserved 1146880K
  class space    used 13818K, committed 14144K, reserved 1048576K
}
Event: 27.517 GC heap after
{Heap after GC invocations=51 (full 0):
 garbage-first heap   total 147456K, used 106690K [0x0000000080000000, 0x0000000100000000)
  region size 1024K, 3 young (3072K), 3 survivors (3072K)
 Metaspace       used 103669K, committed 104320K, reserved 1146880K
  class space    used 13818K, committed 14144K, reserved 1048576K
}
Event: 27.897 GC heap before
{Heap before GC invocations=51 (full 0):
 garbage-first heap   total 147456K, used 122050K [0x0000000080000000, 0x0000000100000000)
  region size 1024K, 19 young (19456K), 3 survivors (3072K)
 Metaspace       used 103750K, committed 104448K, reserved 1146880K
  class space    used 13820K, committed 14144K, reserved 1048576K
}
Event: 27.902 GC heap after
{Heap after GC invocations=52 (full 0):
 garbage-first heap   total 147456K, used 108079K [0x0000000080000000, 0x0000000100000000)
  region size 1024K, 3 young (3072K), 3 survivors (3072K)
 Metaspace       used 103750K, committed 104448K, reserved 1146880K
  class space    used 13820K, committed 14144K, reserved 1048576K
}
Event: 28.414 GC heap before
{Heap before GC invocations=52 (full 0):
 garbage-first heap   total 147456K, used 122415K [0x0000000080000000, 0x0000000100000000)
  region size 1024K, 18 young (18432K), 3 survivors (3072K)
 Metaspace       used 104282K, committed 105024K, reserved 1146880K
  class space    used 13889K, committed 14272K, reserved 1048576K
}
Event: 28.422 GC heap after
{Heap after GC invocations=53 (full 0):
 garbage-first heap   total 177152K, used 110018K [0x0000000080000000, 0x0000000100000000)
  region size 1024K, 3 young (3072K), 3 survivors (3072K)
 Metaspace       used 104282K, committed 105024K, reserved 1146880K
  class space    used 13889K, committed 14272K, reserved 1048576K
}
Event: 30.669 GC heap before
{Heap before GC invocations=53 (full 0):
 garbage-first heap   total 177152K, used 143810K [0x0000000080000000, 0x0000000100000000)
  region size 1024K, 37 young (37888K), 3 survivors (3072K)
 Metaspace       used 106815K, committed 107648K, reserved 1146880K
  class space    used 14169K, committed 14592K, reserved 1048576K
}
Event: 30.680 GC heap after
{Heap after GC invocations=54 (full 0):
 garbage-first heap   total 177152K, used 117922K [0x0000000080000000, 0x0000000100000000)
  region size 1024K, 5 young (5120K), 5 survivors (5120K)
 Metaspace       used 106815K, committed 107648K, reserved 1146880K
  class space    used 14169K, committed 14592K, reserved 1048576K
}
Event: 31.163 GC heap before
{Heap before GC invocations=54 (full 0):
 garbage-first heap   total 177152K, used 151714K [0x0000000080000000, 0x0000000100000000)
  region size 1024K, 30 young (30720K), 5 survivors (5120K)
 Metaspace       used 106880K, committed 107648K, reserved 1146880K
  class space    used 14169K, committed 14592K, reserved 1048576K
}
Event: 31.178 GC heap after
{Heap after GC invocations=55 (full 0):
 garbage-first heap   total 177152K, used 135274K [0x0000000080000000, 0x0000000100000000)
  region size 1024K, 4 young (4096K), 4 survivors (4096K)
 Metaspace       used 106880K, committed 107648K, reserved 1146880K
  class space    used 14169K, committed 14592K, reserved 1048576K
}
Event: 31.429 GC heap before
{Heap before GC invocations=55 (full 0):
 garbage-first heap   total 177152K, used 145514K [0x0000000080000000, 0x0000000100000000)
  region size 1024K, 15 young (15360K), 4 survivors (4096K)
 Metaspace       used 107214K, committed 107968K, reserved 1146880K
  class space    used 14205K, committed 14592K, reserved 1048576K
}
Event: 31.435 GC heap after
{Heap after GC invocations=56 (full 0):
 garbage-first heap   total 177152K, used 138870K [0x0000000080000000, 0x0000000100000000)
  region size 1024K, 2 young (2048K), 2 survivors (2048K)
 Metaspace       used 107214K, committed 107968K, reserved 1146880K
  class space    used 14205K, committed 14592K, reserved 1048576K
}
Event: 31.995 GC heap before
{Heap before GC invocations=57 (full 0):
 garbage-first heap   total 239616K, used 156278K [0x0000000080000000, 0x0000000100000000)
  region size 1024K, 12 young (12288K), 2 survivors (2048K)
 Metaspace       used 107437K, committed 108160K, reserved 1146880K
  class space    used 14225K, committed 14592K, reserved 1048576K
}
Event: 32.001 GC heap after
{Heap after GC invocations=58 (full 0):
 garbage-first heap   total 239616K, used 141090K [0x0000000080000000, 0x0000000100000000)
  region size 1024K, 2 young (2048K), 2 survivors (2048K)
 Metaspace       used 107437K, committed 108160K, reserved 1146880K
  class space    used 14225K, committed 14592K, reserved 1048576K
}

