# JRE version: OpenJDK Runtime Environment (17.0.10) (build 17.0.10+0--11609105)
# Java VM: OpenJDK 64-Bit Server VM (17.0.10+0--11609105, mixed mode, tiered, compressed oops, compressed class ptrs, g1 gc, windows-amd64)
GC Precious Log:
 CPUs: 8 total, 8 available
 Memory: 7502M
 Large Page Support: Disabled
 NUMA Support: Disabled
 Compressed Oops: Enabled (32-bit)
 Heap Region Size: 1M
 Heap Min Capacity: 8M
 Heap Initial Capacity: 118M
 Heap Max Capacity: 2G
 Pre-touch: Disabled
 Parallel Workers: 8
 Concurrent Workers: 2
 Concurrent Refinement Workers: 8
 Periodic GC: Disabled
Heap:
 garbage-first heap   total 335872K, used 288097K [0x0000000080000000, 0x0000000100000000)
  region size 1024K, 9 young (9216K), 2 survivors (2048K)
 Metaspace       used 122913K, committed 123648K, reserved 1179648K
  class space    used 16278K, committed 16640K, reserved 1048576K
GC Heap History (20 events):
Event: 15.392 GC heap before
{Heap before GC invocations=37 (full 0):
 garbage-first heap   total 167936K, used 142533K [0x0000000080000000, 0x0000000100000000)
  region size 1024K, 47 young (48128K), 4 survivors (4096K)
 Metaspace       used 102190K, committed 102912K, reserved 1179648K
  class space    used 13981K, committed 14336K, reserved 1048576K
}
Event: 15.401 GC heap after
{Heap after GC invocations=38 (full 0):
 garbage-first heap   total 167936K, used 99912K [0x0000000080000000, 0x0000000100000000)
  region size 1024K, 6 young (6144K), 6 survivors (6144K)
 Metaspace       used 102190K, committed 102912K, reserved 1179648K
  class space    used 13981K, committed 14336K, reserved 1048576K
}
Event: 15.439 GC heap before
{Heap before GC invocations=38 (full 0):
 garbage-first heap   total 167936K, used 101960K [0x0000000080000000, 0x0000000100000000)
  region size 1024K, 8 young (8192K), 6 survivors (6144K)
 Metaspace       used 102209K, committed 102912K, reserved 1179648K
  class space    used 13981K, committed 14336K, reserved 1048576K
}
Event: 15.444 GC heap after
{Heap after GC invocations=39 (full 0):
 garbage-first heap   total 167936K, used 100705K [0x0000000080000000, 0x0000000100000000)
  region size 1024K, 1 young (1024K), 1 survivors (1024K)
 Metaspace       used 102209K, committed 102912K, reserved 1179648K
  class space    used 13981K, committed 14336K, reserved 1048576K
}
Event: 15.804 GC heap before
{Heap before GC invocations=39 (full 0):
 garbage-first heap   total 167936K, used 138593K [0x0000000080000000, 0x0000000100000000)
  region size 1024K, 38 young (38912K), 1 survivors (1024K)
 Metaspace       used 102700K, committed 103424K, reserved 1179648K
  class space    used 14034K, committed 14400K, reserved 1048576K
}
Event: 15.809 GC heap after
{Heap after GC invocations=40 (full 0):
 garbage-first heap   total 167936K, used 105562K [0x0000000080000000, 0x0000000100000000)
  region size 1024K, 5 young (5120K), 5 survivors (5120K)
 Metaspace       used 102700K, committed 103424K, reserved 1179648K
  class space    used 14034K, committed 14400K, reserved 1048576K
}
Event: 16.278 GC heap before
{Heap before GC invocations=40 (full 0):
 garbage-first heap   total 167936K, used 138330K [0x0000000080000000, 0x0000000100000000)
  region size 1024K, 38 young (38912K), 5 survivors (5120K)
 Metaspace       used 103378K, committed 104064K, reserved 1179648K
  class space    used 14137K, committed 14464K, reserved 1048576K
}
Event: 16.287 GC heap after
{Heap after GC invocations=41 (full 0):
 garbage-first heap   total 314368K, used 107654K [0x0000000080000000, 0x0000000100000000)
  region size 1024K, 3 young (3072K), 3 survivors (3072K)
 Metaspace       used 103378K, committed 104064K, reserved 1179648K
  class space    used 14137K, committed 14464K, reserved 1048576K
}
Event: 17.783 GC heap before
{Heap before GC invocations=41 (full 0):
 garbage-first heap   total 314368K, used 242822K [0x0000000080000000, 0x0000000100000000)
  region size 1024K, 134 young (137216K), 3 survivors (3072K)
 Metaspace       used 106243K, committed 106944K, reserved 1179648K
  class space    used 14496K, committed 14848K, reserved 1048576K
}
Event: 17.794 GC heap after
{Heap after GC invocations=42 (full 0):
 garbage-first heap   total 314368K, used 113877K [0x0000000080000000, 0x0000000100000000)
  region size 1024K, 10 young (10240K), 10 survivors (10240K)
 Metaspace       used 106243K, committed 106944K, reserved 1179648K
  class space    used 14496K, committed 14848K, reserved 1048576K
}
Event: 19.354 GC heap before
{Heap before GC invocations=42 (full 0):
 garbage-first heap   total 314368K, used 253141K [0x0000000080000000, 0x0000000100000000)
  region size 1024K, 138 young (141312K), 10 survivors (10240K)
 Metaspace       used 114301K, committed 115136K, reserved 1179648K
  class space    used 15332K, committed 15744K, reserved 1048576K
}
Event: 19.369 GC heap after
{Heap after GC invocations=43 (full 0):
 garbage-first heap   total 314368K, used 130819K [0x0000000080000000, 0x0000000100000000)
  region size 1024K, 18 young (18432K), 18 survivors (18432K)
 Metaspace       used 114301K, committed 115136K, reserved 1179648K
  class space    used 15332K, committed 15744K, reserved 1048576K
}
Event: 20.733 GC heap before
{Heap before GC invocations=43 (full 0):
 garbage-first heap   total 314368K, used 249603K [0x0000000080000000, 0x0000000100000000)
  region size 1024K, 131 young (134144K), 18 survivors (18432K)
 Metaspace       used 122844K, committed 123584K, reserved 1179648K
  class space    used 16279K, committed 16640K, reserved 1048576K
}
Event: 20.776 GC heap after
{Heap after GC invocations=44 (full 0):
 garbage-first heap   total 335872K, used 198666K [0x0000000080000000, 0x0000000100000000)
  region size 1024K, 17 young (17408K), 17 survivors (17408K)
 Metaspace       used 122844K, committed 123584K, reserved 1179648K
  class space    used 16279K, committed 16640K, reserved 1048576K
}
Event: 20.956 GC heap before
{Heap before GC invocations=44 (full 0):
 garbage-first heap   total 335872K, used 256010K [0x0000000080000000, 0x0000000100000000)
  region size 1024K, 73 young (74752K), 17 survivors (17408K)
 Metaspace       used 122915K, committed 123648K, reserved 1179648K
  class space    used 16279K, committed 16640K, reserved 1048576K
}
Event: 20.983 GC heap after
{Heap after GC invocations=45 (full 0):
 garbage-first heap   total 335872K, used 243553K [0x0000000080000000, 0x0000000100000000)
  region size 1024K, 10 young (10240K), 10 survivors (10240K)
 Metaspace       used 122915K, committed 123648K, reserved 1179648K
  class space    used 16279K, committed 16640K, reserved 1048576K
}
Event: 21.080 GC heap before
{Heap before GC invocations=45 (full 0):
 garbage-first heap   total 335872K, used 268129K [0x0000000080000000, 0x0000000100000000)
  region size 1024K, 34 young (34816K), 10 survivors (10240K)
 Metaspace       used 122917K, committed 123648K, reserved 1179648K
  class space    used 16279K, committed 16640K, reserved 1048576K
}
Event: 21.095 GC heap after
{Heap after GC invocations=46 (full 0):
 garbage-first heap   total 335872K, used 269665K [0x0000000080000000, 0x0000000100000000)
  region size 1024K, 5 young (5120K), 5 survivors (5120K)
 Metaspace       used 122917K, committed 123648K, reserved 1179648K
  class space    used 16279K, committed 16640K, reserved 1048576K
}
Event: 21.118 GC heap before
{Heap before GC invocations=46 (full 0):
 garbage-first heap   total 335872K, used 280929K [0x0000000080000000, 0x0000000100000000)
  region size 1024K, 16 young (16384K), 5 survivors (5120K)
 Metaspace       used 122917K, committed 123648K, reserved 1179648K
  class space    used 16279K, committed 16640K, reserved 1048576K
}
Event: 21.126 GC heap after
{Heap after GC invocations=47 (full 0):
 garbage-first heap   total 335872K, used 281953K [0x0000000080000000, 0x0000000100000000)
  region size 1024K, 2 young (2048K), 2 survivors (2048K)
 Metaspace       used 122917K, committed 123648K, reserved 1179648K
  class space    used 16279K, committed 16640K, reserved 1048576K
}

