# JRE version: OpenJDK Runtime Environment (17.0.6) (build 17.0.6+0-b2043.56-10027231)
# Java VM: OpenJDK 64-Bit Server VM (17.0.6+0-b2043.56-10027231, mixed mode, tiered, compressed oops, compressed class ptrs, g1 gc, windows-amd64)
GC Precious Log:
 CPUs: 8 total, 8 available
 Memory: 7502M
 Large Page Support: Disabled
 NUMA Support: Disabled
 Compressed Oops: Enabled (32-bit)
 Heap Region Size: 1M
 Heap Min Capacity: 8M
 Heap Initial Capacity: 118M
 Heap Max Capacity: 2G
 Pre-touch: Disabled
 Parallel Workers: 8
 Concurrent Workers: 2
 Concurrent Refinement Workers: 8
 Periodic GC: Disabled
Heap:
 garbage-first heap   total 256000K, used 139333K [0x0000000080000000, 0x0000000100000000)
  region size 1024K, 5 young (5120K), 2 survivors (2048K)
 Metaspace       used 111036K, committed 111744K, reserved 1146880K
  class space    used 14686K, committed 15040K, reserved 1048576K
GC Heap History (20 events):
Event: 45.252 GC heap before
{Heap before GC invocations=38 (full 0):
 garbage-first heap   total 174080K, used 139419K [0x0000000080000000, 0x0000000100000000)
  region size 1024K, 51 young (52224K), 7 survivors (7168K)
 Metaspace       used 101362K, committed 102080K, reserved 1138688K
  class space    used 13378K, committed 13760K, reserved 1048576K
}
Event: 45.262 GC heap after
{Heap after GC invocations=39 (full 0):
 garbage-first heap   total 174080K, used 98978K [0x0000000080000000, 0x0000000100000000)
  region size 1024K, 5 young (5120K), 5 survivors (5120K)
 Metaspace       used 101362K, committed 102080K, reserved 1138688K
  class space    used 13378K, committed 13760K, reserved 1048576K
}
Event: 46.649 GC heap before
{Heap before GC invocations=39 (full 0):
 garbage-first heap   total 174080K, used 139938K [0x0000000080000000, 0x0000000100000000)
  region size 1024K, 46 young (47104K), 5 survivors (5120K)
 Metaspace       used 103335K, committed 104128K, reserved 1146880K
  class space    used 13727K, committed 14144K, reserved 1048576K
}
Event: 46.662 GC heap after
{Heap after GC invocations=40 (full 0):
 garbage-first heap   total 174080K, used 106234K [0x0000000080000000, 0x0000000100000000)
  region size 1024K, 6 young (6144K), 6 survivors (6144K)
 Metaspace       used 103335K, committed 104128K, reserved 1146880K
  class space    used 13727K, committed 14144K, reserved 1048576K
}
Event: 47.315 GC heap before
{Heap before GC invocations=40 (full 0):
 garbage-first heap   total 174080K, used 141050K [0x0000000080000000, 0x0000000100000000)
  region size 1024K, 41 young (41984K), 6 survivors (6144K)
 Metaspace       used 103438K, committed 104192K, reserved 1146880K
  class space    used 13728K, committed 14144K, reserved 1048576K
}
Event: 47.327 GC heap after
{Heap after GC invocations=41 (full 0):
 garbage-first heap   total 174080K, used 109607K [0x0000000080000000, 0x0000000100000000)
  region size 1024K, 5 young (5120K), 5 survivors (5120K)
 Metaspace       used 103438K, committed 104192K, reserved 1146880K
  class space    used 13728K, committed 14144K, reserved 1048576K
}
Event: 48.374 GC heap before
{Heap before GC invocations=41 (full 0):
 garbage-first heap   total 174080K, used 144423K [0x0000000080000000, 0x0000000100000000)
  region size 1024K, 38 young (38912K), 5 survivors (5120K)
 Metaspace       used 105576K, committed 106368K, reserved 1146880K
  class space    used 14019K, committed 14400K, reserved 1048576K
}
Event: 48.384 GC heap after
{Heap after GC invocations=42 (full 0):
 garbage-first heap   total 174080K, used 118229K [0x0000000080000000, 0x0000000100000000)
  region size 1024K, 5 young (5120K), 5 survivors (5120K)
 Metaspace       used 105576K, committed 106368K, reserved 1146880K
  class space    used 14019K, committed 14400K, reserved 1048576K
}
Event: 48.849 GC heap before
{Heap before GC invocations=42 (full 0):
 garbage-first heap   total 174080K, used 140757K [0x0000000080000000, 0x0000000100000000)
  region size 1024K, 28 young (28672K), 5 survivors (5120K)
 Metaspace       used 106665K, committed 107392K, reserved 1146880K
  class space    used 14152K, committed 14528K, reserved 1048576K
}
Event: 48.860 GC heap after
{Heap after GC invocations=43 (full 0):
 garbage-first heap   total 174080K, used 129365K [0x0000000080000000, 0x0000000100000000)
  region size 1024K, 4 young (4096K), 4 survivors (4096K)
 Metaspace       used 106665K, committed 107392K, reserved 1146880K
  class space    used 14152K, committed 14528K, reserved 1048576K
}
Event: 49.381 GC heap before
{Heap before GC invocations=43 (full 0):
 garbage-first heap   total 174080K, used 142677K [0x0000000080000000, 0x0000000100000000)
  region size 1024K, 17 young (17408K), 4 survivors (4096K)
 Metaspace       used 108889K, committed 109696K, reserved 1146880K
  class space    used 14437K, committed 14848K, reserved 1048576K
}
Event: 49.387 GC heap after
{Heap after GC invocations=44 (full 0):
 garbage-first heap   total 174080K, used 131375K [0x0000000080000000, 0x0000000100000000)
  region size 1024K, 2 young (2048K), 2 survivors (2048K)
 Metaspace       used 108889K, committed 109696K, reserved 1146880K
  class space    used 14437K, committed 14848K, reserved 1048576K
}
Event: 49.682 GC heap before
{Heap before GC invocations=44 (full 0):
 garbage-first heap   total 174080K, used 150831K [0x0000000080000000, 0x0000000100000000)
  region size 1024K, 13 young (13312K), 2 survivors (2048K)
 Metaspace       used 108916K, committed 109696K, reserved 1146880K
  class space    used 14437K, committed 14848K, reserved 1048576K
}
Event: 49.692 GC heap after
{Heap after GC invocations=45 (full 0):
 garbage-first heap   total 174080K, used 143360K [0x0000000080000000, 0x0000000100000000)
  region size 1024K, 2 young (2048K), 2 survivors (2048K)
 Metaspace       used 108916K, committed 109696K, reserved 1146880K
  class space    used 14437K, committed 14848K, reserved 1048576K
}
Event: 49.704 GC heap before
{Heap before GC invocations=45 (full 0):
 garbage-first heap   total 174080K, used 147456K [0x0000000080000000, 0x0000000100000000)
  region size 1024K, 3 young (3072K), 2 survivors (2048K)
 Metaspace       used 108938K, committed 109696K, reserved 1146880K
  class space    used 14441K, committed 14848K, reserved 1048576K
}
Event: 49.709 GC heap after
{Heap after GC invocations=46 (full 0):
 garbage-first heap   total 174080K, used 148636K [0x0000000080000000, 0x0000000100000000)
  region size 1024K, 1 young (1024K), 1 survivors (1024K)
 Metaspace       used 108938K, committed 109696K, reserved 1146880K
  class space    used 14441K, committed 14848K, reserved 1048576K
}
Event: 50.068 GC heap before
{Heap before GC invocations=47 (full 0):
 garbage-first heap   total 256000K, used 154780K [0x0000000080000000, 0x0000000100000000)
  region size 1024K, 8 young (8192K), 1 survivors (1024K)
 Metaspace       used 110064K, committed 110784K, reserved 1146880K
  class space    used 14566K, committed 14912K, reserved 1048576K
}
Event: 50.071 GC heap after
{Heap after GC invocations=48 (full 0):
 garbage-first heap   total 256000K, used 144590K [0x0000000080000000, 0x0000000100000000)
  region size 1024K, 1 young (1024K), 1 survivors (1024K)
 Metaspace       used 110064K, committed 110784K, reserved 1146880K
  class space    used 14566K, committed 14912K, reserved 1048576K
}
Event: 50.341 GC heap before
{Heap before GC invocations=48 (full 0):
 garbage-first heap   total 256000K, used 154830K [0x0000000080000000, 0x0000000100000000)
  region size 1024K, 12 young (12288K), 1 survivors (1024K)
 Metaspace       used 111000K, committed 111744K, reserved 1146880K
  class space    used 14682K, committed 15040K, reserved 1048576K
}
Event: 50.351 GC heap after
{Heap after GC invocations=49 (full 0):
 garbage-first heap   total 256000K, used 137285K [0x0000000080000000, 0x0000000100000000)
  region size 1024K, 2 young (2048K), 2 survivors (2048K)
 Metaspace       used 111000K, committed 111744K, reserved 1146880K
  class space    used 14682K, committed 15040K, reserved 1048576K
}

