# JRE version: OpenJDK Runtime Environment (17.0.6) (build 17.0.6+0-b2043.56-10027231)
# Java VM: OpenJDK 64-Bit Server VM (17.0.6+0-b2043.56-10027231, mixed mode, tiered, compressed oops, compressed class ptrs, g1 gc, windows-amd64)
GC Precious Log:
 CPUs: 8 total, 8 available
 Memory: 7502M
 Large Page Support: Disabled
 NUMA Support: Disabled
 Compressed Oops: Enabled (32-bit)
 Heap Region Size: 1M
 Heap Min Capacity: 8M
 Heap Initial Capacity: 118M
 Heap Max Capacity: 2G
 Pre-touch: Disabled
 Parallel Workers: 8
 Concurrent Workers: 2
 Concurrent Refinement Workers: 8
 Periodic GC: Disabled
Heap:
 garbage-first heap   total 227328K, used 129822K [0x0000000080000000, 0x0000000100000000)
  region size 1024K, 1 young (1024K), 1 survivors (1024K)
 Metaspace       used 102320K, committed 103104K, reserved 1138688K
  class space    used 13804K, committed 14208K, reserved 1048576K
GC Heap History (20 events):
Event: 19.400 GC heap after
{Heap after GC invocations=24 (full 0):
 garbage-first heap   total 154624K, used 81062K [0x0000000080000000, 0x0000000100000000)
  region size 1024K, 7 young (7168K), 7 survivors (7168K)
 Metaspace       used 94176K, committed 94848K, reserved 1130496K
  class space    used 12804K, committed 13120K, reserved 1048576K
}
Event: 19.418 GC heap before
{Heap before GC invocations=24 (full 0):
 garbage-first heap   total 154624K, used 82086K [0x0000000080000000, 0x0000000100000000)
  region size 1024K, 8 young (8192K), 7 survivors (7168K)
 Metaspace       used 94212K, committed 94848K, reserved 1130496K
  class space    used 12809K, committed 13120K, reserved 1048576K
}
Event: 19.427 GC heap after
{Heap after GC invocations=25 (full 0):
 garbage-first heap   total 154624K, used 81808K [0x0000000080000000, 0x0000000100000000)
  region size 1024K, 1 young (1024K), 1 survivors (1024K)
 Metaspace       used 94212K, committed 94848K, reserved 1130496K
  class space    used 12809K, committed 13120K, reserved 1048576K
}
Event: 19.920 GC heap before
{Heap before GC invocations=25 (full 0):
 garbage-first heap   total 154624K, used 125840K [0x0000000080000000, 0x0000000100000000)
  region size 1024K, 44 young (45056K), 1 survivors (1024K)
 Metaspace       used 94518K, committed 95232K, reserved 1138688K
  class space    used 12838K, committed 13184K, reserved 1048576K
}
Event: 19.930 GC heap after
{Heap after GC invocations=26 (full 0):
 garbage-first heap   total 154624K, used 88383K [0x0000000080000000, 0x0000000100000000)
  region size 1024K, 6 young (6144K), 6 survivors (6144K)
 Metaspace       used 94518K, committed 95232K, reserved 1138688K
  class space    used 12838K, committed 13184K, reserved 1048576K
}
Event: 21.134 GC heap before
{Heap before GC invocations=27 (full 0):
 garbage-first heap   total 160768K, used 125247K [0x0000000080000000, 0x0000000100000000)
  region size 1024K, 42 young (43008K), 6 survivors (6144K)
 Metaspace       used 98235K, committed 98944K, reserved 1138688K
  class space    used 13288K, committed 13632K, reserved 1048576K
}
Event: 21.146 GC heap after
{Heap after GC invocations=28 (full 0):
 garbage-first heap   total 160768K, used 94423K [0x0000000080000000, 0x0000000100000000)
  region size 1024K, 6 young (6144K), 6 survivors (6144K)
 Metaspace       used 98235K, committed 98944K, reserved 1138688K
  class space    used 13288K, committed 13632K, reserved 1048576K
}
Event: 21.157 GC heap before
{Heap before GC invocations=28 (full 0):
 garbage-first heap   total 160768K, used 95447K [0x0000000080000000, 0x0000000100000000)
  region size 1024K, 7 young (7168K), 6 survivors (6144K)
 Metaspace       used 98323K, committed 99008K, reserved 1138688K
  class space    used 13311K, committed 13632K, reserved 1048576K
}
Event: 21.163 GC heap after
{Heap after GC invocations=29 (full 0):
 garbage-first heap   total 160768K, used 94725K [0x0000000080000000, 0x0000000100000000)
  region size 1024K, 1 young (1024K), 1 survivors (1024K)
 Metaspace       used 98323K, committed 99008K, reserved 1138688K
  class space    used 13311K, committed 13632K, reserved 1048576K
}
Event: 21.455 GC heap before
{Heap before GC invocations=29 (full 0):
 garbage-first heap   total 160768K, used 129541K [0x0000000080000000, 0x0000000100000000)
  region size 1024K, 36 young (36864K), 1 survivors (1024K)
 Metaspace       used 98704K, committed 99392K, reserved 1138688K
  class space    used 13409K, committed 13760K, reserved 1048576K
}
Event: 21.462 GC heap after
{Heap after GC invocations=30 (full 0):
 garbage-first heap   total 160768K, used 98526K [0x0000000080000000, 0x0000000100000000)
  region size 1024K, 5 young (5120K), 5 survivors (5120K)
 Metaspace       used 98704K, committed 99392K, reserved 1138688K
  class space    used 13409K, committed 13760K, reserved 1048576K
}
Event: 22.022 GC heap before
{Heap before GC invocations=30 (full 0):
 garbage-first heap   total 160768K, used 130270K [0x0000000080000000, 0x0000000100000000)
  region size 1024K, 37 young (37888K), 5 survivors (5120K)
 Metaspace       used 99784K, committed 100544K, reserved 1138688K
  class space    used 13537K, committed 13888K, reserved 1048576K
}
Event: 22.029 GC heap after
{Heap after GC invocations=31 (full 0):
 garbage-first heap   total 160768K, used 101036K [0x0000000080000000, 0x0000000100000000)
  region size 1024K, 5 young (5120K), 5 survivors (5120K)
 Metaspace       used 99784K, committed 100544K, reserved 1138688K
  class space    used 13537K, committed 13888K, reserved 1048576K
}
Event: 23.173 GC heap before
{Heap before GC invocations=31 (full 0):
 garbage-first heap   total 160768K, used 130732K [0x0000000080000000, 0x0000000100000000)
  region size 1024K, 35 young (35840K), 5 survivors (5120K)
 Metaspace       used 101820K, committed 102592K, reserved 1138688K
  class space    used 13761K, committed 14144K, reserved 1048576K
}
Event: 23.183 GC heap after
{Heap after GC invocations=32 (full 0):
 garbage-first heap   total 160768K, used 108482K [0x0000000080000000, 0x0000000100000000)
  region size 1024K, 5 young (5120K), 5 survivors (5120K)
 Metaspace       used 101820K, committed 102592K, reserved 1138688K
  class space    used 13761K, committed 14144K, reserved 1048576K
}
Event: 23.555 GC heap before
{Heap before GC invocations=32 (full 0):
 garbage-first heap   total 160768K, used 140226K [0x0000000080000000, 0x0000000100000000)
  region size 1024K, 28 young (28672K), 5 survivors (5120K)
 Metaspace       used 101896K, committed 102592K, reserved 1138688K
  class space    used 13761K, committed 14144K, reserved 1048576K
}
Event: 23.572 GC heap after
{Heap after GC invocations=33 (full 0):
 garbage-first heap   total 160768K, used 124446K [0x0000000080000000, 0x0000000100000000)
  region size 1024K, 4 young (4096K), 4 survivors (4096K)
 Metaspace       used 101896K, committed 102592K, reserved 1138688K
  class space    used 13761K, committed 14144K, reserved 1048576K
}
Event: 23.763 GC heap before
{Heap before GC invocations=33 (full 0):
 garbage-first heap   total 160768K, used 134686K [0x0000000080000000, 0x0000000100000000)
  region size 1024K, 14 young (14336K), 4 survivors (4096K)
 Metaspace       used 102106K, committed 102848K, reserved 1138688K
  class space    used 13787K, committed 14144K, reserved 1048576K
}
Event: 23.772 GC heap after
{Heap after GC invocations=34 (full 0):
 garbage-first heap   total 160768K, used 128301K [0x0000000080000000, 0x0000000100000000)
  region size 1024K, 2 young (2048K), 2 survivors (2048K)
 Metaspace       used 102106K, committed 102848K, reserved 1138688K
  class space    used 13787K, committed 14144K, reserved 1048576K
}
Event: 24.033 GC heap before
{Heap before GC invocations=34 (full 0):
 garbage-first heap   total 227328K, used 134445K [0x0000000080000000, 0x0000000100000000)
  region size 1024K, 9 young (9216K), 2 survivors (2048K)
 Metaspace       used 102320K, committed 103104K, reserved 1138688K
  class space    used 13804K, committed 14208K, reserved 1048576K
}

