# JRE version: OpenJDK Runtime Environment (17.0.6) (build 17.0.6+0-b2043.56-10027231)
# Java VM: OpenJDK 64-Bit Server VM (17.0.6+0-b2043.56-10027231, mixed mode, tiered, compressed oops, compressed class ptrs, g1 gc, windows-amd64)
GC Precious Log:
 CPUs: 8 total, 8 available
 Memory: 7502M
 Large Page Support: Disabled
 NUMA Support: Disabled
 Compressed Oops: Enabled (32-bit)
 Heap Region Size: 1M
 Heap Min Capacity: 8M
 Heap Initial Capacity: 118M
 Heap Max Capacity: 2G
 Pre-touch: Disabled
 Parallel Workers: 8
 Concurrent Workers: 2
 Concurrent Refinement Workers: 8
 Periodic GC: Disabled
Heap:
 garbage-first heap   total 165888K, used 99502K [0x0000000080000000, 0x0000000100000000)
  region size 1024K, 5 young (5120K), 5 survivors (5120K)
 Metaspace       used 98129K, committed 98816K, reserved 1138688K
  class space    used 13261K, committed 13568K, reserved 1048576K
GC Heap History (20 events):
Event: 14.922 GC heap after
{Heap after GC invocations=20 (full 0):
 garbage-first heap   total 136192K, used 66440K [0x0000000080000000, 0x0000000100000000)
  region size 1024K, 3 young (3072K), 3 survivors (3072K)
 Metaspace       used 75481K, committed 76032K, reserved 1122304K
  class space    used 9980K, committed 10240K, reserved 1048576K
}
Event: 15.783 GC heap before
{Heap before GC invocations=20 (full 0):
 garbage-first heap   total 136192K, used 108424K [0x0000000080000000, 0x0000000100000000)
  region size 1024K, 45 young (46080K), 3 survivors (3072K)
 Metaspace       used 78191K, committed 78784K, reserved 1122304K
  class space    used 10338K, committed 10624K, reserved 1048576K
}
Event: 15.791 GC heap after
{Heap after GC invocations=21 (full 0):
 garbage-first heap   total 136192K, used 71079K [0x0000000080000000, 0x0000000100000000)
  region size 1024K, 6 young (6144K), 6 survivors (6144K)
 Metaspace       used 78191K, committed 78784K, reserved 1122304K
  class space    used 10338K, committed 10624K, reserved 1048576K
}
Event: 16.698 GC heap before
{Heap before GC invocations=22 (full 0):
 garbage-first heap   total 136192K, used 108967K [0x0000000080000000, 0x0000000100000000)
  region size 1024K, 43 young (44032K), 6 survivors (6144K)
 Metaspace       used 82751K, committed 83328K, reserved 1122304K
  class space    used 11163K, committed 11456K, reserved 1048576K
}
Event: 16.707 GC heap after
{Heap after GC invocations=23 (full 0):
 garbage-first heap   total 136192K, used 73347K [0x0000000080000000, 0x0000000100000000)
  region size 1024K, 3 young (3072K), 3 survivors (3072K)
 Metaspace       used 82751K, committed 83328K, reserved 1122304K
  class space    used 11163K, committed 11456K, reserved 1048576K
}
Event: 16.795 GC heap before
{Heap before GC invocations=23 (full 0):
 garbage-first heap   total 136192K, used 75395K [0x0000000080000000, 0x0000000100000000)
  region size 1024K, 6 young (6144K), 3 survivors (3072K)
 Metaspace       used 83010K, committed 83648K, reserved 1122304K
  class space    used 11194K, committed 11520K, reserved 1048576K
}
Event: 16.798 GC heap after
{Heap after GC invocations=24 (full 0):
 garbage-first heap   total 136192K, used 73442K [0x0000000080000000, 0x0000000100000000)
  region size 1024K, 1 young (1024K), 1 survivors (1024K)
 Metaspace       used 83010K, committed 83648K, reserved 1122304K
  class space    used 11194K, committed 11520K, reserved 1048576K
}
Event: 17.648 GC heap before
{Heap before GC invocations=24 (full 0):
 garbage-first heap   total 136192K, used 110306K [0x0000000080000000, 0x0000000100000000)
  region size 1024K, 37 young (37888K), 1 survivors (1024K)
 Metaspace       used 86770K, committed 87360K, reserved 1130496K
  class space    used 11728K, committed 12032K, reserved 1048576K
}
Event: 17.654 GC heap after
{Heap after GC invocations=25 (full 0):
 garbage-first heap   total 136192K, used 76291K [0x0000000080000000, 0x0000000100000000)
  region size 1024K, 4 young (4096K), 4 survivors (4096K)
 Metaspace       used 86770K, committed 87360K, reserved 1130496K
  class space    used 11728K, committed 12032K, reserved 1048576K
}
Event: 18.504 GC heap before
{Heap before GC invocations=26 (full 0):
 garbage-first heap   total 138240K, used 110083K [0x0000000080000000, 0x0000000100000000)
  region size 1024K, 37 young (37888K), 4 survivors (4096K)
 Metaspace       used 90422K, committed 91072K, reserved 1130496K
  class space    used 12308K, committed 12608K, reserved 1048576K
}
Event: 18.515 GC heap after
{Heap after GC invocations=27 (full 0):
 garbage-first heap   total 165888K, used 78383K [0x0000000080000000, 0x0000000100000000)
  region size 1024K, 3 young (3072K), 3 survivors (3072K)
 Metaspace       used 90422K, committed 91072K, reserved 1130496K
  class space    used 12308K, committed 12608K, reserved 1048576K
}
Event: 18.753 GC heap before
{Heap before GC invocations=27 (full 0):
 garbage-first heap   total 165888K, used 83503K [0x0000000080000000, 0x0000000100000000)
  region size 1024K, 8 young (8192K), 3 survivors (3072K)
 Metaspace       used 91964K, committed 92672K, reserved 1130496K
  class space    used 12486K, committed 12800K, reserved 1048576K
}
Event: 18.761 GC heap after
{Heap after GC invocations=28 (full 0):
 garbage-first heap   total 165888K, used 77739K [0x0000000080000000, 0x0000000100000000)
  region size 1024K, 1 young (1024K), 1 survivors (1024K)
 Metaspace       used 91964K, committed 92672K, reserved 1130496K
  class space    used 12486K, committed 12800K, reserved 1048576K
}
Event: 19.605 GC heap before
{Heap before GC invocations=28 (full 0):
 garbage-first heap   total 165888K, used 133035K [0x0000000080000000, 0x0000000100000000)
  region size 1024K, 55 young (56320K), 1 survivors (1024K)
 Metaspace       used 94398K, committed 95104K, reserved 1138688K
  class space    used 12818K, committed 13184K, reserved 1048576K
}
Event: 19.616 GC heap after
{Heap after GC invocations=29 (full 0):
 garbage-first heap   total 165888K, used 84532K [0x0000000080000000, 0x0000000100000000)
  region size 1024K, 7 young (7168K), 7 survivors (7168K)
 Metaspace       used 94398K, committed 95104K, reserved 1138688K
  class space    used 12818K, committed 13184K, reserved 1048576K
}
Event: 20.367 GC heap before
{Heap before GC invocations=30 (full 0):
 garbage-first heap   total 165888K, used 133684K [0x0000000080000000, 0x0000000100000000)
  region size 1024K, 55 young (56320K), 7 survivors (7168K)
 Metaspace       used 97152K, committed 97792K, reserved 1138688K
  class space    used 13132K, committed 13440K, reserved 1048576K
}
Event: 20.384 GC heap after
{Heap after GC invocations=31 (full 0):
 garbage-first heap   total 165888K, used 92154K [0x0000000080000000, 0x0000000100000000)
  region size 1024K, 7 young (7168K), 7 survivors (7168K)
 Metaspace       used 97152K, committed 97792K, reserved 1138688K
  class space    used 13132K, committed 13440K, reserved 1048576K
}
Event: 20.398 GC heap before
{Heap before GC invocations=31 (full 0):
 garbage-first heap   total 165888K, used 93178K [0x0000000080000000, 0x0000000100000000)
  region size 1024K, 8 young (8192K), 7 survivors (7168K)
 Metaspace       used 97224K, committed 97856K, reserved 1138688K
  class space    used 13144K, committed 13440K, reserved 1048576K
}
Event: 20.408 GC heap after
{Heap after GC invocations=32 (full 0):
 garbage-first heap   total 165888K, used 93466K [0x0000000080000000, 0x0000000100000000)
  region size 1024K, 1 young (1024K), 1 survivors (1024K)
 Metaspace       used 97224K, committed 97856K, reserved 1138688K
  class space    used 13144K, committed 13440K, reserved 1048576K
}
Event: 20.978 GC heap before
{Heap before GC invocations=32 (full 0):
 garbage-first heap   total 165888K, used 132378K [0x0000000080000000, 0x0000000100000000)
  region size 1024K, 40 young (40960K), 1 survivors (1024K)
 Metaspace       used 98129K, committed 98816K, reserved 1138688K
  class space    used 13261K, committed 13568K, reserved 1048576K
}

