# JRE version: OpenJDK Runtime Environment (17.0.6) (build 17.0.6+0-b2043.56-10027231)
# Java VM: OpenJDK 64-Bit Server VM (17.0.6+0-b2043.56-10027231, mixed mode, tiered, compressed oops, compressed class ptrs, g1 gc, windows-amd64)
GC Precious Log:
 CPUs: 8 total, 8 available
 Memory: 7502M
 Large Page Support: Disabled
 NUMA Support: Disabled
 Compressed Oops: Enabled (32-bit)
 Heap Region Size: 1M
 Heap Min Capacity: 8M
 Heap Initial Capacity: 118M
 Heap Max Capacity: 2G
 Pre-touch: Disabled
 Parallel Workers: 8
 Concurrent Workers: 2
 Concurrent Refinement Workers: 8
 Periodic GC: Disabled
Heap:
 garbage-first heap   total 316416K, used 174808K [0x0000000080000000, 0x0000000100000000)
  region size 1024K, 2 young (2048K), 2 survivors (2048K)
 Metaspace       used 124297K, committed 125120K, reserved 1163264K
  class space    used 16178K, committed 16576K, reserved 1048576K
GC Heap History (20 events):
Event: 27.049 GC heap after
{Heap after GC invocations=46 (full 0):
 garbage-first heap   total 250880K, used 161613K [0x0000000080000000, 0x0000000100000000)
  region size 1024K, 5 young (5120K), 5 survivors (5120K)
 Metaspace       used 117817K, committed 118656K, reserved 1155072K
  class space    used 15328K, committed 15744K, reserved 1048576K
}
Event: 27.955 GC heap before
{Heap before GC invocations=46 (full 0):
 garbage-first heap   total 250880K, used 209741K [0x0000000080000000, 0x0000000100000000)
  region size 1024K, 53 young (54272K), 5 survivors (5120K)
 Metaspace       used 119492K, committed 120320K, reserved 1155072K
  class space    used 15527K, committed 15936K, reserved 1048576K
}
Event: 27.965 GC heap after
{Heap after GC invocations=47 (full 0):
 garbage-first heap   total 250880K, used 167174K [0x0000000080000000, 0x0000000100000000)
  region size 1024K, 7 young (7168K), 7 survivors (7168K)
 Metaspace       used 119492K, committed 120320K, reserved 1155072K
  class space    used 15527K, committed 15936K, reserved 1048576K
}
Event: 28.526 GC heap before
{Heap before GC invocations=47 (full 0):
 garbage-first heap   total 250880K, used 209158K [0x0000000080000000, 0x0000000100000000)
  region size 1024K, 49 young (50176K), 7 survivors (7168K)
 Metaspace       used 119809K, committed 120640K, reserved 1155072K
  class space    used 15560K, committed 16000K, reserved 1048576K
}
Event: 28.538 GC heap after
{Heap after GC invocations=48 (full 0):
 garbage-first heap   total 250880K, used 170266K [0x0000000080000000, 0x0000000100000000)
  region size 1024K, 5 young (5120K), 5 survivors (5120K)
 Metaspace       used 119809K, committed 120640K, reserved 1155072K
  class space    used 15560K, committed 16000K, reserved 1048576K
}
Event: 29.009 GC heap before
{Heap before GC invocations=48 (full 0):
 garbage-first heap   total 250880K, used 210202K [0x0000000080000000, 0x0000000100000000)
  region size 1024K, 45 young (46080K), 5 survivors (5120K)
 Metaspace       used 119925K, committed 120768K, reserved 1155072K
  class space    used 15580K, committed 16000K, reserved 1048576K
}
Event: 29.018 GC heap after
{Heap after GC invocations=49 (full 0):
 garbage-first heap   total 250880K, used 171951K [0x0000000080000000, 0x0000000100000000)
  region size 1024K, 4 young (4096K), 4 survivors (4096K)
 Metaspace       used 119925K, committed 120768K, reserved 1155072K
  class space    used 15580K, committed 16000K, reserved 1048576K
}
Event: 29.430 GC heap before
{Heap before GC invocations=49 (full 0):
 garbage-first heap   total 250880K, used 223151K [0x0000000080000000, 0x0000000100000000)
  region size 1024K, 44 young (45056K), 4 survivors (4096K)
 Metaspace       used 120487K, committed 121280K, reserved 1155072K
  class space    used 15648K, committed 16064K, reserved 1048576K
}
Event: 29.438 GC heap after
{Heap after GC invocations=50 (full 0):
 garbage-first heap   total 250880K, used 189138K [0x0000000080000000, 0x0000000100000000)
  region size 1024K, 6 young (6144K), 6 survivors (6144K)
 Metaspace       used 120487K, committed 121280K, reserved 1155072K
  class space    used 15648K, committed 16064K, reserved 1048576K
}
Event: 30.008 GC heap before
{Heap before GC invocations=50 (full 0):
 garbage-first heap   total 250880K, used 221906K [0x0000000080000000, 0x0000000100000000)
  region size 1024K, 30 young (30720K), 6 survivors (6144K)
 Metaspace       used 123970K, committed 124800K, reserved 1163264K
  class space    used 16134K, committed 16576K, reserved 1048576K
}
Event: 30.014 GC heap after
{Heap after GC invocations=51 (full 0):
 garbage-first heap   total 250880K, used 195498K [0x0000000080000000, 0x0000000100000000)
  region size 1024K, 4 young (4096K), 4 survivors (4096K)
 Metaspace       used 123970K, committed 124800K, reserved 1163264K
  class space    used 16134K, committed 16576K, reserved 1048576K
}
Event: 30.021 GC heap before
{Heap before GC invocations=51 (full 0):
 garbage-first heap   total 250880K, used 207786K [0x0000000080000000, 0x0000000100000000)
  region size 1024K, 10 young (10240K), 4 survivors (4096K)
 Metaspace       used 123974K, committed 124800K, reserved 1163264K
  class space    used 16134K, committed 16576K, reserved 1048576K
}
Event: 30.026 GC heap after
{Heap after GC invocations=52 (full 0):
 garbage-first heap   total 250880K, used 203263K [0x0000000080000000, 0x0000000100000000)
  region size 1024K, 3 young (3072K), 3 survivors (3072K)
 Metaspace       used 123974K, committed 124800K, reserved 1163264K
  class space    used 16134K, committed 16576K, reserved 1048576K
}
Event: 30.030 GC heap before
{Heap before GC invocations=52 (full 0):
 garbage-first heap   total 250880K, used 206335K [0x0000000080000000, 0x0000000100000000)
  region size 1024K, 5 young (5120K), 3 survivors (3072K)
 Metaspace       used 123975K, committed 124800K, reserved 1163264K
  class space    used 16134K, committed 16576K, reserved 1048576K
}
Event: 30.033 GC heap after
{Heap after GC invocations=53 (full 0):
 garbage-first heap   total 250880K, used 202454K [0x0000000080000000, 0x0000000100000000)
  region size 1024K, 1 young (1024K), 1 survivors (1024K)
 Metaspace       used 123975K, committed 124800K, reserved 1163264K
  class space    used 16134K, committed 16576K, reserved 1048576K
}
Event: 30.211 GC heap before
{Heap before GC invocations=53 (full 0):
 garbage-first heap   total 250880K, used 221910K [0x0000000080000000, 0x0000000100000000)
  region size 1024K, 12 young (12288K), 1 survivors (1024K)
 Metaspace       used 124309K, committed 125120K, reserved 1163264K
  class space    used 16181K, committed 16576K, reserved 1048576K
}
Event: 30.217 GC heap after
{Heap after GC invocations=54 (full 0):
 garbage-first heap   total 250880K, used 209614K [0x0000000080000000, 0x0000000100000000)
  region size 1024K, 2 young (2048K), 2 survivors (2048K)
 Metaspace       used 124309K, committed 125120K, reserved 1163264K
  class space    used 16181K, committed 16576K, reserved 1048576K
}
Event: 30.409 GC heap before
{Heap before GC invocations=55 (full 0):
 garbage-first heap   total 316416K, used 198350K [0x0000000080000000, 0x0000000100000000)
  region size 1024K, 12 young (12288K), 2 survivors (2048K)
 Metaspace       used 124297K, committed 125120K, reserved 1163264K
  class space    used 16178K, committed 16576K, reserved 1048576K
}
Event: 30.418 GC heap after
{Heap after GC invocations=56 (full 0):
 garbage-first heap   total 316416K, used 192762K [0x0000000080000000, 0x0000000100000000)
  region size 1024K, 2 young (2048K), 2 survivors (2048K)
 Metaspace       used 124297K, committed 125120K, reserved 1163264K
  class space    used 16178K, committed 16576K, reserved 1048576K
}
Event: 30.513 GC heap before
{Heap before GC invocations=56 (full 0):
 garbage-first heap   total 316416K, used 207098K [0x0000000080000000, 0x0000000100000000)
  region size 1024K, 15 young (15360K), 2 survivors (2048K)
 Metaspace       used 124297K, committed 125120K, reserved 1163264K
  class space    used 16178K, committed 16576K, reserved 1048576K
}

