# JRE version: OpenJDK Runtime Environment (17.0.10) (build 17.0.10+0--11609105)
# Java VM: OpenJDK 64-Bit Server VM (17.0.10+0--11609105, mixed mode, tiered, compressed oops, compressed class ptrs, g1 gc, windows-amd64)
GC Precious Log:
 CPUs: 8 total, 8 available
 Memory: 7502M
 Large Page Support: Disabled
 NUMA Support: Disabled
 Compressed Oops: Enabled (32-bit)
 Heap Region Size: 1M
 Heap Min Capacity: 8M
 Heap Initial Capacity: 118M
 Heap Max Capacity: 2G
 Pre-touch: Disabled
 Parallel Workers: 8
 Concurrent Workers: 2
 Concurrent Refinement Workers: 8
 Periodic GC: Disabled
Heap:
 garbage-first heap   total 217088K, used 138744K [0x0000000080000000, 0x0000000100000000)
  region size 1024K, 3 young (3072K), 3 survivors (3072K)
 Metaspace       used 127417K, committed 128192K, reserved 1179648K
  class space    used 16390K, committed 16768K, reserved 1048576K
GC Heap History (20 events):
Event: 37.054 GC heap after
{Heap after GC invocations=58 (full 0):
 garbage-first heap   total 179200K, used 107024K [0x0000000080000000, 0x0000000100000000)
  region size 1024K, 1 young (1024K), 1 survivors (1024K)
 Metaspace       used 101673K, committed 102272K, reserved 1179648K
  class space    used 13418K, committed 13696K, reserved 1048576K
}
Event: 38.255 GC heap before
{Heap before GC invocations=58 (full 0):
 garbage-first heap   total 179200K, used 150032K [0x0000000080000000, 0x0000000100000000)
  region size 1024K, 43 young (44032K), 1 survivors (1024K)
 Metaspace       used 108162K, committed 108800K, reserved 1179648K
  class space    used 14070K, committed 14336K, reserved 1048576K
}
Event: 38.258 GC heap after
{Heap after GC invocations=59 (full 0):
 garbage-first heap   total 179200K, used 107321K [0x0000000080000000, 0x0000000100000000)
  region size 1024K, 1 young (1024K), 1 survivors (1024K)
 Metaspace       used 108162K, committed 108800K, reserved 1179648K
  class space    used 14070K, committed 14336K, reserved 1048576K
}
Event: 39.800 GC heap before
{Heap before GC invocations=59 (full 0):
 garbage-first heap   total 179200K, used 152377K [0x0000000080000000, 0x0000000100000000)
  region size 1024K, 45 young (46080K), 1 survivors (1024K)
 Metaspace       used 113441K, committed 114112K, reserved 1179648K
  class space    used 14630K, committed 14912K, reserved 1048576K
}
Event: 39.805 GC heap after
{Heap after GC invocations=60 (full 0):
 garbage-first heap   total 179200K, used 109703K [0x0000000080000000, 0x0000000100000000)
  region size 1024K, 4 young (4096K), 4 survivors (4096K)
 Metaspace       used 113441K, committed 114112K, reserved 1179648K
  class space    used 14630K, committed 14912K, reserved 1048576K
}
Event: 39.963 GC heap before
{Heap before GC invocations=60 (full 0):
 garbage-first heap   total 179200K, used 117895K [0x0000000080000000, 0x0000000100000000)
  region size 1024K, 13 young (13312K), 4 survivors (4096K)
 Metaspace       used 113531K, committed 114176K, reserved 1179648K
  class space    used 14631K, committed 14912K, reserved 1048576K
}
Event: 39.970 GC heap after
{Heap after GC invocations=61 (full 0):
 garbage-first heap   total 179200K, used 111888K [0x0000000080000000, 0x0000000100000000)
  region size 1024K, 5 young (5120K), 5 survivors (5120K)
 Metaspace       used 113531K, committed 114176K, reserved 1179648K
  class space    used 14631K, committed 14912K, reserved 1048576K
}
Event: 40.282 GC heap before
{Heap before GC invocations=62 (full 0):
 garbage-first heap   total 217088K, used 148752K [0x0000000080000000, 0x0000000100000000)
  region size 1024K, 40 young (40960K), 5 survivors (5120K)
 Metaspace       used 113677K, committed 114304K, reserved 1179648K
  class space    used 14631K, committed 14912K, reserved 1048576K
}
Event: 40.289 GC heap after
{Heap after GC invocations=63 (full 0):
 garbage-first heap   total 217088K, used 114843K [0x0000000080000000, 0x0000000100000000)
  region size 1024K, 5 young (5120K), 5 survivors (5120K)
 Metaspace       used 113677K, committed 114304K, reserved 1179648K
  class space    used 14631K, committed 14912K, reserved 1048576K
}
Event: 40.343 GC heap before
{Heap before GC invocations=63 (full 0):
 garbage-first heap   total 217088K, used 118939K [0x0000000080000000, 0x0000000100000000)
  region size 1024K, 10 young (10240K), 5 survivors (5120K)
 Metaspace       used 113692K, committed 114304K, reserved 1179648K
  class space    used 14631K, committed 14912K, reserved 1048576K
}
Event: 40.349 GC heap after
{Heap after GC invocations=64 (full 0):
 garbage-first heap   total 217088K, used 115364K [0x0000000080000000, 0x0000000100000000)
  region size 1024K, 1 young (1024K), 1 survivors (1024K)
 Metaspace       used 113692K, committed 114304K, reserved 1179648K
  class space    used 14631K, committed 14912K, reserved 1048576K
}
Event: 42.191 GC heap before
{Heap before GC invocations=64 (full 0):
 garbage-first heap   total 217088K, used 174756K [0x0000000080000000, 0x0000000100000000)
  region size 1024K, 59 young (60416K), 1 survivors (1024K)
 Metaspace       used 118022K, committed 118784K, reserved 1179648K
  class space    used 15276K, committed 15616K, reserved 1048576K
}
Event: 42.198 GC heap after
{Heap after GC invocations=65 (full 0):
 garbage-first heap   total 217088K, used 120090K [0x0000000080000000, 0x0000000100000000)
  region size 1024K, 6 young (6144K), 6 survivors (6144K)
 Metaspace       used 118022K, committed 118784K, reserved 1179648K
  class space    used 15276K, committed 15616K, reserved 1048576K
}
Event: 43.936 GC heap before
{Heap before GC invocations=65 (full 0):
 garbage-first heap   total 217088K, used 175386K [0x0000000080000000, 0x0000000100000000)
  region size 1024K, 60 young (61440K), 6 survivors (6144K)
 Metaspace       used 126195K, committed 126912K, reserved 1179648K
  class space    used 16312K, committed 16640K, reserved 1048576K
}
Event: 43.944 GC heap after
{Heap after GC invocations=66 (full 0):
 garbage-first heap   total 217088K, used 124891K [0x0000000080000000, 0x0000000100000000)
  region size 1024K, 5 young (5120K), 5 survivors (5120K)
 Metaspace       used 126195K, committed 126912K, reserved 1179648K
  class space    used 16312K, committed 16640K, reserved 1048576K
}
Event: 44.831 GC heap before
{Heap before GC invocations=66 (full 0):
 garbage-first heap   total 217088K, used 178139K [0x0000000080000000, 0x0000000100000000)
  region size 1024K, 56 young (57344K), 5 survivors (5120K)
 Metaspace       used 127102K, committed 127808K, reserved 1179648K
  class space    used 16361K, committed 16704K, reserved 1048576K
}
Event: 44.839 GC heap after
{Heap after GC invocations=67 (full 0):
 garbage-first heap   total 217088K, used 132955K [0x0000000080000000, 0x0000000100000000)
  region size 1024K, 7 young (7168K), 7 survivors (7168K)
 Metaspace       used 127102K, committed 127808K, reserved 1179648K
  class space    used 16361K, committed 16704K, reserved 1048576K
}
Event: 45.049 GC heap before
{Heap before GC invocations=67 (full 0):
 garbage-first heap   total 217088K, used 179035K [0x0000000080000000, 0x0000000100000000)
  region size 1024K, 52 young (53248K), 7 survivors (7168K)
 Metaspace       used 127351K, committed 128064K, reserved 1179648K
  class space    used 16385K, committed 16704K, reserved 1048576K
}
Event: 45.053 GC heap after
{Heap after GC invocations=68 (full 0):
 garbage-first heap   total 217088K, used 133586K [0x0000000080000000, 0x0000000100000000)
  region size 1024K, 2 young (2048K), 2 survivors (2048K)
 Metaspace       used 127351K, committed 128064K, reserved 1179648K
  class space    used 16385K, committed 16704K, reserved 1048576K
}
Event: 45.200 GC heap before
{Heap before GC invocations=68 (full 0):
 garbage-first heap   total 217088K, used 184786K [0x0000000080000000, 0x0000000100000000)
  region size 1024K, 49 young (50176K), 2 survivors (2048K)
 Metaspace       used 127417K, committed 128192K, reserved 1179648K
  class space    used 16390K, committed 16768K, reserved 1048576K
}

